[    0.000000] Linux version 4.15.0-124-generic (buildd@lgw01-amd64-029) (gcc version 7.5.0 (Ubuntu 7.5.0-3ubuntu1~18.04)) #127-Ubuntu SMP Fri Nov 6 10:54:43 UTC 2020 (Ubuntu 4.15.0-124.127-generic 4.15.18)
[    0.000000] Command line: BOOT_IMAGE=/boot/vmlinuz-4.15.0-124-generic root=LABEL=cloudimg-rootfs ro console=tty1 console=ttyS0
[    0.000000] KERNEL supported cpus:
[    0.000000]   Intel GenuineIntel
[    0.000000]   AMD AuthenticAMD
[    0.000000]   Centaur CentaurHauls
[    0.000000] x86/fpu: Supporting XSAVE feature 0x001: 'x87 floating point registers'
[    0.000000] x86/fpu: Supporting XSAVE feature 0x002: 'SSE registers'
[    0.000000] x86/fpu: Supporting XSAVE feature 0x004: 'AVX registers'
[    0.000000] x86/fpu: xstate_offset[2]:  576, xstate_sizes[2]:  256
[    0.000000] x86/fpu: Enabled xstate features 0x7, context size is 832 bytes, using 'standard' format.
[    0.000000] e820: BIOS-provided physical RAM map:
[    0.000000] BIOS-e820: [mem 0x0000000000000000-0x000000000009fbff] usable
[    0.000000] BIOS-e820: [mem 0x000000000009fc00-0x000000000009ffff] reserved
[    0.000000] BIOS-e820: [mem 0x00000000000f0000-0x00000000000fffff] reserved
[    0.000000] BIOS-e820: [mem 0x0000000000100000-0x000000003ffeffff] usable
[    0.000000] BIOS-e820: [mem 0x000000003fff0000-0x000000003fffffff] ACPI data
[    0.000000] BIOS-e820: [mem 0x00000000fec00000-0x00000000fec00fff] reserved
[    0.000000] BIOS-e820: [mem 0x00000000fee00000-0x00000000fee00fff] reserved
[    0.000000] BIOS-e820: [mem 0x00000000fffc0000-0x00000000ffffffff] reserved
[    0.000000] NX (Execute Disable) protection: active
[    0.000000] SMBIOS 2.5 present.
[    0.000000] DMI: innotek GmbH VirtualBox/VirtualBox, BIOS VirtualBox 12/01/2006
[    0.000000] Hypervisor detected: KVM
[    0.000000] e820: last_pfn = 0x3fff0 max_arch_pfn = 0x400000000
[    0.000000] MTRR: Disabled
[    0.000000] x86/PAT: MTRRs disabled, skipping PAT initialization too.
[    0.000000] CPU MTRRs all blank - virtualized system.
[    0.000000] x86/PAT: Configuration [0-7]: WB  WT  UC- UC  WB  WT  UC- UC  
[    0.000000] found SMP MP-table at [mem 0x0009fff0-0x0009ffff]
[    0.000000] Scanning 1 areas for low memory corruption
[    0.000000] RAMDISK: [mem 0x35a67000-0x36d2afff]
[    0.000000] ACPI: Early table checksum verification disabled
[    0.000000] ACPI: RSDP 0x00000000000E0000 000024 (v02 VBOX  )
[    0.000000] ACPI: XSDT 0x000000003FFF0030 00003C (v01 VBOX   VBOXXSDT 00000001 ASL  00000061)
[    0.000000] ACPI: FACP 0x000000003FFF00F0 0000F4 (v04 VBOX   VBOXFACP 00000001 ASL  00000061)
[    0.000000] ACPI: DSDT 0x000000003FFF0470 002325 (v02 VBOX   VBOXBIOS 00000002 INTL 20120111)
[    0.000000] ACPI: FACS 0x000000003FFF0200 000040
[    0.000000] ACPI: FACS 0x000000003FFF0200 000040
[    0.000000] ACPI: APIC 0x000000003FFF0240 00005C (v02 VBOX   VBOXAPIC 00000001 ASL  00000061)
[    0.000000] ACPI: SSDT 0x000000003FFF02A0 0001CC (v01 VBOX   VBOXCPUT 00000002 INTL 20120111)
[    0.000000] No NUMA configuration found
[    0.000000] Faking a node at [mem 0x0000000000000000-0x000000003ffeffff]
[    0.000000] NODE_DATA(0) allocated [mem 0x3ffc5000-0x3ffeffff]
[    0.000000] kvm-clock: cpu 0, msr 0:3ff44001, primary cpu clock
[    0.000000] kvm-clock: Using msrs 4b564d01 and 4b564d00
[    0.000000] kvm-clock: using sched offset of 4326024769 cycles
[    0.000000] clocksource: kvm-clock: mask: 0xffffffffffffffff max_cycles: 0x1cd42e4dffb, max_idle_ns: 881590591483 ns
[    0.000000] Zone ranges:
[    0.000000]   DMA      [mem 0x0000000000001000-0x0000000000ffffff]
[    0.000000]   DMA32    [mem 0x0000000001000000-0x000000003ffeffff]
[    0.000000]   Normal   empty
[    0.000000]   Device   empty
[    0.000000] Movable zone start for each node
[    0.000000] Early memory node ranges
[    0.000000]   node   0: [mem 0x0000000000001000-0x000000000009efff]
[    0.000000]   node   0: [mem 0x0000000000100000-0x000000003ffeffff]
[    0.000000] Reserved but unavailable: 98 pages
[    0.000000] Initmem setup node 0 [mem 0x0000000000001000-0x000000003ffeffff]
[    0.000000] ACPI: PM-Timer IO Port: 0x4008
[    0.000000] IOAPIC[0]: apic_id 2, version 32, address 0xfec00000, GSI 0-23
[    0.000000] ACPI: INT_SRC_OVR (bus 0 bus_irq 0 global_irq 2 dfl dfl)
[    0.000000] ACPI: INT_SRC_OVR (bus 0 bus_irq 9 global_irq 9 low level)
[    0.000000] Using ACPI (MADT) for SMP configuration information
[    0.000000] smpboot: Allowing 2 CPUs, 0 hotplug CPUs
[    0.000000] PM: Registered nosave memory: [mem 0x00000000-0x00000fff]
[    0.000000] PM: Registered nosave memory: [mem 0x0009f000-0x0009ffff]
[    0.000000] PM: Registered nosave memory: [mem 0x000a0000-0x000effff]
[    0.000000] PM: Registered nosave memory: [mem 0x000f0000-0x000fffff]
[    0.000000] e820: [mem 0x40000000-0xfebfffff] available for PCI devices
[    0.000000] Booting paravirtualized kernel on KVM
[    0.000000] clocksource: refined-jiffies: mask: 0xffffffff max_cycles: 0xffffffff, max_idle_ns: 7645519600211568 ns
[    0.000000] random: get_random_bytes called from start_kernel+0x99/0x500 with crng_init=0
[    0.000000] setup_percpu: NR_CPUS:8192 nr_cpumask_bits:2 nr_cpu_ids:2 nr_node_ids:1
[    0.000000] percpu: Embedded 45 pages/cpu s147456 r8192 d28672 u1048576
[    0.000000] PV qspinlock hash table entries: 256 (order: 0, 4096 bytes)
[    0.000000] Built 1 zonelists, mobility grouping on.  Total pages: 257913
[    0.000000] Policy zone: DMA32
[    0.000000] Kernel command line: BOOT_IMAGE=/boot/vmlinuz-4.15.0-124-generic root=LABEL=cloudimg-rootfs ro console=tty1 console=ttyS0
[    0.000000] Memory: 983032K/1048120K available (12300K kernel code, 2482K rwdata, 4272K rodata, 2436K init, 2724K bss, 65088K reserved, 0K cma-reserved)
[    0.000000] SLUB: HWalign=64, Order=0-3, MinObjects=0, CPUs=2, Nodes=1
[    0.000000] Kernel/User page tables isolation: enabled
[    0.000000] ftrace: allocating 39402 entries in 154 pages
[    0.004000] Hierarchical RCU implementation.
[    0.004000] 	RCU restricting CPUs from NR_CPUS=8192 to nr_cpu_ids=2.
[    0.004000] 	Tasks RCU enabled.
[    0.004000] RCU: Adjusting geometry for rcu_fanout_leaf=16, nr_cpu_ids=2
[    0.004000] NR_IRQS: 524544, nr_irqs: 440, preallocated irqs: 16
[    0.004000] Console: colour VGA+ 80x25
[    0.004000] console [tty1] enabled
[    0.004000] console [ttyS0] enabled
[    0.004000] ACPI: Core revision 20170831
[    0.004000] ACPI: 2 ACPI AML tables successfully acquired and loaded
[    0.004000] APIC: Switch to symmetric I/O mode setup
[    0.004000] x2apic enabled
[    0.004000] Switched APIC routing to physical x2apic.
[    0.004000] ..TIMER: vector=0x30 apic1=0 pin1=2 apic2=-1 pin2=-1
[    0.004005] tsc: Detected 2399.998 MHz processor
[    0.005081] Calibrating delay loop (skipped) preset value.. 4799.99 BogoMIPS (lpj=9599992)
[    0.008004] pid_max: default: 32768 minimum: 301
[    0.008898] Security Framework initialized
[    0.009777] Yama: becoming mindful.
[    0.010536] AppArmor: AppArmor initialized
[    0.013617] Dentry cache hash table entries: 131072 (order: 8, 1048576 bytes)
[    0.015307] Inode-cache hash table entries: 65536 (order: 7, 524288 bytes)
[    0.016020] Mount-cache hash table entries: 2048 (order: 2, 16384 bytes)
[    0.017453] Mountpoint-cache hash table entries: 2048 (order: 2, 16384 bytes)
[    0.020252] Last level iTLB entries: 4KB 64, 2MB 8, 4MB 8
[    0.021640] Last level dTLB entries: 4KB 64, 2MB 0, 4MB 0, 1GB 4
[    0.024003] Spectre V1 : Mitigation: usercopy/swapgs barriers and __user pointer sanitization
[    0.025555] Spectre V2 : Mitigation: Full generic retpoline
[    0.026618] Spectre V2 : Spectre v2 / SpectreRSB mitigation: Filling RSB on context switch
[    0.028003] Speculative Store Bypass: Vulnerable
[    0.028951] SRBDS: Unknown: Dependent on hypervisor status
[    0.030059] MDS: Mitigation: Clear CPU buffers
[    0.031161] Freeing SMP alternatives memory: 36K
[    0.142848] smpboot: CPU0: Intel(R) Core(TM) i5-8279U CPU @ 2.40GHz (family: 0x6, model: 0x8e, stepping: 0xa)
[    0.144000] Performance Events: unsupported p6 CPU model 142 no PMU driver, software events only.
[    0.144056] Hierarchical SRCU implementation.
[    0.146060] NMI watchdog: Perf event create on CPU 0 failed with -2
[    0.148006] NMI watchdog: Perf NMI watchdog permanently disabled
[    0.150296] smp: Bringing up secondary CPUs ...
[    0.152106] x86: Booting SMP configuration:
[    0.153449] .... node  #0, CPUs:      #1
[    0.004000] kvm-clock: cpu 1, msr 0:3ff44041, secondary cpu clock
[    0.160023] smp: Brought up 1 node, 2 CPUs
[    0.161684] smpboot: Max logical packages: 1
[    0.164013] smpboot: Total of 2 processors activated (9599.99 BogoMIPS)
[    0.168080] devtmpfs: initialized
[    0.169698] x86/mm: Memory block size: 128MB
[    0.171718] evm: security.selinux
[    0.172009] evm: security.SMACK64
[    0.173313] evm: security.SMACK64EXEC
[    0.174363] evm: security.SMACK64TRANSMUTE
[    0.176006] evm: security.SMACK64MMAP
[    0.177459] evm: security.apparmor
[    0.178647] evm: security.ima
[    0.180004] evm: security.capability
[    0.181317] clocksource: jiffies: mask: 0xffffffff max_cycles: 0xffffffff, max_idle_ns: 7645041785100000 ns
[    0.184015] futex hash table entries: 512 (order: 3, 32768 bytes)
[    0.187564] pinctrl core: initialized pinctrl subsystem
[    0.188134] RTC time: 12:31:25, date: 11/24/20
[    0.192372] NET: Registered protocol family 16
[    0.195793] audit: initializing netlink subsys (disabled)
[    0.196107] audit: type=2000 audit(1606221091.309:1): state=initialized audit_enabled=0 res=1
[    0.200028] cpuidle: using governor ladder
[    0.204014] cpuidle: using governor menu
[    0.205597] ACPI: bus type PCI registered
[    0.208008] acpiphp: ACPI Hot Plug PCI Controller Driver version: 0.5
[    0.210114] PCI: Using configuration type 1 for base access
[    0.216062] HugeTLB registered 2.00 MiB page size, pre-allocated 0 pages
[    0.218551] ACPI: Added _OSI(Module Device)
[    0.220007] ACPI: Added _OSI(Processor Device)
[    0.221025] ACPI: Added _OSI(3.0 _SCP Extensions)
[    0.222010] ACPI: Added _OSI(Processor Aggregator Device)
[    0.224008] ACPI: Added _OSI(Linux-Dell-Video)
[    0.225188] ACPI: Added _OSI(Linux-Lenovo-NV-HDMI-Audio)
[    0.226592] ACPI: Added _OSI(Linux-HPI-Hybrid-Graphics)
[    0.228555] ACPI: Executed 1 blocks of module-level executable AML code
[    0.235934] ACPI: Interpreter enabled
[    0.236027] ACPI: (supports S0 S5)
[    0.237479] ACPI: Using IOAPIC for interrupt routing
[    0.240713] PCI: Using host bridge windows from ACPI; if necessary, use "pci=nocrs" and report a bug
[    0.244253] ACPI: Enabled 2 GPEs in block 00 to 07
[    0.255041] ACPI: PCI Root Bridge [PCI0] (domain 0000 [bus 00-ff])
[    0.256006] acpi PNP0A03:00: _OSC: OS supports [ASPM ClockPM Segments MSI]
[    0.257767] acpi PNP0A03:00: _OSC: not requesting OS control; OS requires [ExtendedConfig ASPM ClockPM MSI]
[    0.259780] acpi PNP0A03:00: fail to add MMCONFIG information, can't access extended PCI configuration space under this bridge.
[    0.260629] PCI host bridge to bus 0000:00
[    0.264007] pci_bus 0000:00: root bus resource [io  0x0000-0x0cf7 window]
[    0.266074] pci_bus 0000:00: root bus resource [io  0x0d00-0xffff window]
[    0.268008] pci_bus 0000:00: root bus resource [mem 0x000a0000-0x000bffff window]
[    0.269926] pci_bus 0000:00: root bus resource [mem 0x40000000-0xfdffffff window]
[    0.272005] pci_bus 0000:00: root bus resource [bus 00-ff]
[    0.277747] pci 0000:00:01.1: legacy IDE quirk: reg 0x10: [io  0x01f0-0x01f7]
[    0.280006] pci 0000:00:01.1: legacy IDE quirk: reg 0x14: [io  0x03f6]
[    0.281536] pci 0000:00:01.1: legacy IDE quirk: reg 0x18: [io  0x0170-0x0177]
[    0.283471] pci 0000:00:01.1: legacy IDE quirk: reg 0x1c: [io  0x0376]
[    0.299497] pci 0000:00:07.0: quirk: [io  0x4000-0x403f] claimed by PIIX4 ACPI
[    0.300030] pci 0000:00:07.0: quirk: [io  0x4100-0x410f] claimed by PIIX4 SMB
[    0.313203] ACPI: PCI Interrupt Link [LNKA] (IRQs 5 9 10 *11)
[    0.314815] ACPI: PCI Interrupt Link [LNKB] (IRQs 5 9 *10 11)
[    0.316076] ACPI: PCI Interrupt Link [LNKC] (IRQs 5 *9 10 11)
[    0.317669] ACPI: PCI Interrupt Link [LNKD] (IRQs 5 9 10 *11)
[    0.319348] SCSI subsystem initialized
[    0.320080] pci 0000:00:02.0: vgaarb: setting as boot VGA device
[    0.321224] pci 0000:00:02.0: vgaarb: VGA device added: decodes=io+mem,owns=io+mem,locks=none
[    0.323159] pci 0000:00:02.0: vgaarb: bridge control possible
[    0.324017] vgaarb: loaded
[    0.324762] ACPI: bus type USB registered
[    0.326102] usbcore: registered new interface driver usbfs
[    0.328022] usbcore: registered new interface driver hub
[    0.329429] usbcore: registered new device driver usb
[    0.330753] EDAC MC: Ver: 3.0.0
[    0.332411] PCI: Using ACPI for IRQ routing
[    0.333923] NetLabel: Initializing
[    0.336006] NetLabel:  domain hash size = 128
[    0.336994] NetLabel:  protocols = UNLABELED CIPSOv4 CALIPSO
[    0.338254] NetLabel:  unlabeled traffic allowed by default
[    0.340125] clocksource: Switched to clocksource kvm-clock
[    0.354850] VFS: Disk quotas dquot_6.6.0
[    0.356094] VFS: Dquot-cache hash table entries: 512 (order 0, 4096 bytes)
[    0.358477] AppArmor: AppArmor Filesystem Enabled
[    0.359696] pnp: PnP ACPI init
[    0.362206] pnp: PnP ACPI: found 3 devices
[    0.376817] clocksource: acpi_pm: mask: 0xffffff max_cycles: 0xffffff, max_idle_ns: 2085701024 ns
[    0.378974] NET: Registered protocol family 2
[    0.380223] TCP established hash table entries: 8192 (order: 4, 65536 bytes)
[    0.381909] TCP bind hash table entries: 8192 (order: 5, 131072 bytes)
[    0.386530] TCP: Hash tables configured (established 8192 bind 8192)
[    0.388566] UDP hash table entries: 512 (order: 2, 16384 bytes)
[    0.390234] UDP-Lite hash table entries: 512 (order: 2, 16384 bytes)
[    0.392122] NET: Registered protocol family 1
[    0.393372] pci 0000:00:00.0: Limiting direct PCI/PCI transfers
[    0.395943] pci 0000:00:01.0: Activating ISA DMA hang workarounds
[    0.397601] pci 0000:00:02.0: Video device with shadowed ROM at [mem 0x000c0000-0x000dffff]
[    0.400213] Unpacking initramfs...
[    0.677463] Freeing initrd memory: 19216K
[    0.679126] clocksource: tsc: mask: 0xffffffffffffffff max_cycles: 0x229835b7123, max_idle_ns: 440795242976 ns
[    0.682025] platform rtc_cmos: registered platform RTC device (no PNP device found)
[    0.684005] Scanning for low memory corruption every 60 seconds
[    0.686428] Initialise system trusted keyrings
[    0.687361] Key type blacklist registered
[    0.688235] workingset: timestamp_bits=36 max_order=18 bucket_order=0
[    0.690147] zbud: loaded
[    0.691077] squashfs: version 4.0 (2009/01/31) Phillip Lougher
[    0.692407] fuse init (API version 7.26)
[    0.696408] Key type asymmetric registered
[    0.697255] Asymmetric key parser 'x509' registered
[    0.698190] Block layer SCSI generic (bsg) driver version 0.4 loaded (major 246)
[    0.699908] io scheduler noop registered
[    0.700818] io scheduler deadline registered
[    0.701901] io scheduler cfq registered (default)
[    0.703690] ACPI: AC Adapter [AC] (on-line)
[    0.704902] input: Power Button as /devices/LNXSYSTM:00/LNXPWRBN:00/input/input0
[    0.706329] ACPI: Power Button [PWRF]
[    0.707136] input: Sleep Button as /devices/LNXSYSTM:00/LNXSLPBN:00/input/input1
[    0.708558] ACPI: Sleep Button [SLPF]
[    0.710899] ACPI: Battery Slot [BAT0] (battery present)
[    0.712265] Serial: 8250/16550 driver, 32 ports, IRQ sharing enabled
[    0.735627] 00:02: ttyS0 at I/O 0x3f8 (irq = 4, base_baud = 115200) is a 16550A
[    0.742326] Linux agpgart interface v0.103
[    0.745260] loop: module loaded
[    0.746340] scsi host0: ata_piix
[    0.747171] scsi host1: ata_piix
[    0.747816] ata1: PATA max UDMA/33 cmd 0x1f0 ctl 0x3f6 bmdma 0xd000 irq 14
[    0.749150] ata2: PATA max UDMA/33 cmd 0x170 ctl 0x376 bmdma 0xd008 irq 15
[    0.751379] libphy: Fixed MDIO Bus: probed
[    0.752648] tun: Universal TUN/TAP device driver, 1.6
[    0.753958] PPP generic driver version 2.4.2
[    0.755168] ehci_hcd: USB 2.0 'Enhanced' Host Controller (EHCI) Driver
[    0.756600] ehci-pci: EHCI PCI platform driver
[    0.757625] ehci-platform: EHCI generic platform driver
[    0.758843] ohci_hcd: USB 1.1 'Open' Host Controller (OHCI) Driver
[    0.760184] ohci-pci: OHCI PCI platform driver
[    0.761280] ohci-platform: OHCI generic platform driver
[    0.762401] uhci_hcd: USB Universal Host Controller Interface driver
[    0.763656] i8042: PNP: PS/2 Controller [PNP0303:PS2K,PNP0f03:PS2M] at 0x60,0x64 irq 1,12
[    0.765687] serio: i8042 KBD port at 0x60,0x64 irq 1
[    0.767229] serio: i8042 AUX port at 0x60,0x64 irq 12
[    0.769095] mousedev: PS/2 mouse device common for all mice
[    0.770977] input: AT Translated Set 2 keyboard as /devices/platform/i8042/serio0/input/input2
[    0.772761] rtc_cmos rtc_cmos: rtc core: registered rtc_cmos as rtc0
[    0.774402] rtc_cmos rtc_cmos: alarms up to one day, 114 bytes nvram
[    0.775596] i2c /dev entries driver
[    0.776463] device-mapper: uevent: version 1.0.3
[    0.777715] device-mapper: ioctl: 4.37.0-ioctl (2017-09-20) initialised: dm-devel@redhat.com
[    0.779571] ledtrig-cpu: registered to indicate activity on CPUs
[    0.781012] NET: Registered protocol family 10
[    0.786001] Segment Routing with IPv6
[    0.786747] NET: Registered protocol family 17
[    0.787656] Key type dns_resolver registered
[    0.788793] mce: Using 0 MCE banks
[    0.789553] RAS: Correctable Errors collector initialized.
[    0.790799] sched_clock: Marking stable (788769559, 0)->(952052779, -163283220)
[    0.792658] registered taskstats version 1
[    0.793517] Loading compiled-in X.509 certificates
[    0.797452] Loaded X.509 cert 'Build time autogenerated kernel key: be62403dcace2d46f96dafa9f42421c610ef3c2a'
[    0.799322] zswap: loaded using pool lzo/zbud
[    0.805518] Key type big_key registered
[    0.806462] Key type trusted registered
[    0.808551] Key type encrypted registered
[    0.809420] AppArmor: AppArmor sha1 policy hashing enabled
[    0.810498] ima: No TPM chip found, activating TPM-bypass! (rc=-19)
[    0.811751] ima: Allocated hash algorithm: sha1
[    0.812729] evm: HMAC attrs: 0x1
[    0.813746]   Magic number: 12:584:532
[    0.814509] tty ttyS12: hash matches
[    0.815287] rtc_cmos rtc_cmos: setting system clock to 2020-11-24 12:31:26 UTC (1606221086)
[    0.817489] BIOS EDD facility v0.16 2004-Jun-25, 0 devices found
[    0.819050] EDD information not available.
[    0.937601] Freeing unused kernel image memory: 2436K
[    1.211736] Write protecting the kernel read-only data: 20480k
[    1.213692] Freeing unused kernel image memory: 2008K
[    1.215134] Freeing unused kernel image memory: 1872K
[    1.221790] x86/mm: Checked W+X mappings: passed, no W+X pages found.
[    1.222988] x86/mm: Checking user space page tables
[    1.229569] x86/mm: Checked W+X mappings: passed, no W+X pages found.
Loading, please wait...
starting version 237
[    1.317038] e1000: Intel(R) PRO/1000 Network Driver - version 7.3.21-k8-NAPI
[    1.319533] e1000: Copyright (c) 1999-2006 Intel Corporation.
[    1.321357] Fusion MPT base driver 3.04.20
[    1.322800] Copyright (c) 1999-2008 LSI Corporation
[    1.346289] AVX2 version of gcm_enc/dec engaged.
[    1.347761] AES CTR mode by8 optimization enabled
[    1.355419] Fusion MPT SPI Host driver 3.04.20
[    1.538771] input: ImExPS/2 Generic Explorer Mouse as /devices/platform/i8042/serio1/input/input4
[    1.754312] e1000 0000:00:03.0 eth0: (PCI:33MHz:32-bit) 02:45:4d:8a:ec:99
[    1.756062] e1000 0000:00:03.0 eth0: Intel(R) PRO/1000 Network Connection
[    2.531658] e1000 0000:00:08.0 eth1: (PCI:33MHz:32-bit) 08:00:27:f3:b8:f3
[    2.533918] e1000 0000:00:08.0 eth1: Intel(R) PRO/1000 Network Connection
[    2.537543] e1000 0000:00:03.0 enp0s3: renamed from eth0
[    2.539565] mptbase: ioc0: Initiating bringup
[    2.553022] e1000 0000:00:08.0 enp0s8: renamed from eth1
[    2.644596] ioc0: LSI53C1030 A0: Capabilities={Initiator}
[    2.886651] scsi host2: ioc0: LSI53C1030 A0, FwRev=00000000h, Ports=1, MaxQ=256, IRQ=20
[    3.056674] scsi 2:0:0:0: Direct-Access     VBOX     HARDDISK         1.0  PQ: 0 ANSI: 5
[    3.092301] scsi target2:0:0: Beginning Domain Validation
[    3.095517] scsi target2:0:0: Domain Validation skipping write tests
[    3.097247] scsi target2:0:0: Ending Domain Validation
[    3.098428] scsi target2:0:0: asynchronous
[    3.099929] scsi 2:0:1:0: Direct-Access     VBOX     HARDDISK         1.0  PQ: 0 ANSI: 5
[    3.132556] scsi target2:0:1: Beginning Domain Validation
[    3.135547] random: fast init done
[    3.137044] scsi target2:0:1: Domain Validation skipping write tests
[    3.138631] scsi target2:0:1: Ending Domain Validation
[    3.139744] scsi target2:0:1: asynchronous
[    3.144536] random: systemd-udevd: uninitialized urandom read (16 bytes read)
[    3.145960] random: systemd-udevd: uninitialized urandom read (16 bytes read)
[    3.147247] random: systemd-udevd: uninitialized urandom read (16 bytes read)
[    3.148947] sd 2:0:0:0: Attached scsi generic sg0 type 0
[    3.149972] sd 2:0:0:0: [sda] 20971520 512-byte logical blocks: (10.7 GB/10.0 GiB)
[    3.151552] sd 2:0:0:0: [sda] Write Protect is off
[    3.153129] sd 2:0:0:0: [sda] Incomplete mode parameter data
[    3.154878] sd 2:0:0:0: [sda] Assuming drive cache: write through
[    3.157126] sd 2:0:1:0: [sdb] 20480 512-byte logical blocks: (10.5 MB/10.0 MiB)
[    3.159249] sd 2:0:1:0: Attached scsi generic sg1 type 0
[    3.160490] sd 2:0:1:0: [sdb] Write Protect is off
[    3.162211] sd 2:0:1:0: [sdb] Incomplete mode parameter data
[    3.163391] sd 2:0:1:0: [sdb] Assuming drive cache: write through
[    3.166596]  sda: sda1
[    3.167829] sd 2:0:0:0: [sda] Attached SCSI disk
[    3.169476] sd 2:0:1:0: [sdb] Attached SCSI disk
Begin: Loading essential drivers ... [    4.728405] raid6: sse2x1   gen() 11196 MB/s
[    4.776453] raid6: sse2x1   xor()  7894 MB/s
[    4.824097] raid6: sse2x2   gen() 13566 MB/s
[    4.872508] raid6: sse2x2   xor()  9249 MB/s
[    4.920226] raid6: sse2x4   gen() 15083 MB/s
[    4.968102] raid6: sse2x4   xor()  9602 MB/s
[    5.016162] raid6: avx2x1   gen() 23033 MB/s
[    5.064079] raid6: avx2x1   xor() 15252 MB/s
[    5.112284] raid6: avx2x2   gen() 26441 MB/s
[    5.160103] raid6: avx2x2   xor() 16103 MB/s
[    5.208162] raid6: avx2x4   gen() 27630 MB/s
[    5.256088] raid6: avx2x4   xor() 17228 MB/s
[    5.257536] raid6: using algorithm avx2x4 gen() 27630 MB/s
[    5.259440] raid6: .... xor() 17228 MB/s, rmw enabled
[    5.260858] raid6: using avx2x2 recovery algorithm
[    5.264379] xor: automatically using best checksumming function   avx       
[    5.267684] async_tx: api initialized (async)
done.
Begin: Running /scripts/init-premount ... done.
Begin: Mounting root file system ... Begin: Running /scripts/local-top ... done.
Begin: Running /scripts/local-premount ... [    5.314761] Btrfs loaded, crc32c=crc32c-intel
Scanning for Btrfs filesystems
done.
Warning: fsck not present, so skipping root file system
[    5.341494] EXT4-fs (sda1): mounted filesystem with ordered data mode. Opts: (null)
done.
Begin: Running /scripts/local-bottom ... done.
Begin: Running /scripts/init-bottom ... done.
[    5.504196] ip_tables: (C) 2000-2006 Netfilter Core Team
[    5.513753] systemd[1]: systemd 237 running in system mode. (+PAM +AUDIT +SELINUX +IMA +APPARMOR +SMACK +SYSVINIT +UTMP +LIBCRYPTSETUP +GCRYPT +GNUTLS +ACL +XZ +LZ4 +SECCOMP +BLKID +ELFUTILS +KMOD -IDN2 +IDN -PCRE2 default-hierarchy=hybrid)
[    5.517897] systemd[1]: Detected virtualization oracle.
[    5.518960] systemd[1]: Detected architecture x86-64.

Welcome to [1mUbuntu 18.04.5 LTS[0m!

[    5.525558] systemd[1]: Set hostname to <ubuntu>.
[    5.530982] systemd[1]: Initializing machine ID from random generator.
[    5.532236] systemd[1]: Installed transient /etc/machine-id file.
[    5.763899] systemd[1]: Reached target User and Group Name Lookups.
[[0;32m  OK  [0m] Reached target User and Group Name Lookups.
[    5.767582] systemd[1]: Created slice System Slice.
[[0;32m  OK  [0m] Created slice System Slice.
[    5.769840] systemd[1]: Listening on LVM2 poll daemon socket.
[[0;32m  OK  [0m] Listening on LVM2 poll daemon socket.
[    5.772153] systemd[1]: Listening on Journal Socket.
[[0;32m  OK  [0m] Listening on Journal Socket.
[[0;32m  OK  [0m] Listening on /dev/initctl Compatibility Named Pipe.
[[0;32m  OK  [0m] Listening on Network Service Netlink Socket.
         Starting Create list of required st…ce nodes for the current kernel...
[[0;32m  OK  [0m] Listening on LVM2 metadata daemon socket.
         Starting Load Kernel Modules...
         Starting Uncomplicated firewall...
[[0;32m  OK  [0m] Listening on Syslog Socket.
[[0;32m  OK  [0m] Listening on Device-mapper event daemon FIFOs.
         Starting Monitoring of LVM2 mirrors…ng dmeventd or progress polling...
[[0;32m  OK  [0m] Created slice system-serial\x2dgetty.slice.
[[0;32m  OK  [0m] Listening on Journal Audit Socket.
[[0;32m  OK  [0m] Created slice User and Session Slice.
         Mounting Kernel Debug File System...
[[0;32m  OK  [0m] Reached target Slices.
[[0;32m  OK  [0m] Reached target System Time Synchronized.
[[0;32m  OK  [0m] Listening on udev Control Socket.
[[0;32m  OK  [0m] Listening on udev Kernel Socket.
[    5.810787] Loading iSCSI transport class v2.0-870.
         Starting udev Coldplug all Devices...
[[0;32m  OK  [0m] Listening on Journal Socket (/dev/log).
         Starting Journal Service...
         Starting Remount Root and Kernel File Systems...
[    5.822578] iscsi: registered transport (tcp)
[[0;32m  OK  [0m] Started Forward Password Requests to Wall Directory Watch.
[[0;32m  OK  [0m] Set up automount Arbitrary Executab…rmats File System Automount Point.
         Mounting Huge Pages File System...
[[0;32m  OK  [0m] Reached target Swap.
         Mounting POSIX Message Queue File System...
         Starting Set the console keyboard layout...
[    6.304151] iscsi: registered transport (iser)
[    6.305937] EXT4-fs (sda1): re-mounted. Opts: (null)
[[0;32m  OK  [0m] Started Journal Service.
[[0;32m  OK  [0m] Started Create list of required sta…vice nodes for the current kernel.
[[0;32m  OK  [0m] Started Load Kernel Modules.
[[0;32m  OK  [0m] Started Uncomplicated firewall.
[[0;32m  OK  [0m] Mounted Kernel Debug File System.
[[0;32m  OK  [0m] Started Remount Root and Kernel File Systems.
[[0;32m  OK  [0m] Mounted Huge Pages File System.
[[0;32m  OK  [0m] Mounted POSIX Message Queue File System.
[[0;32m  OK  [0m] Started LVM2 metadata daemon.
         Starting Load/Save Random Seed...
         Mounting FUSE Control File System...
         Mounting Kernel Configuration File System...
         Starting Apply Kernel Variables...
         Starting Create Static Device Nodes in /dev...
         Starting Flush Journal to Persistent Storage...
[[0;32m  OK  [0m] Started udev Coldplug all Devices.
[[0;32m  OK  [0m] Mounted FUSE Control File System.
[[0;32m  OK  [0m] Mounted Kernel Configuration File System.
[[0;32m  OK  [0m] Started Load/Save Random Seed.
[[0;32m  OK  [0m] Started Create Static Device Nodes in /dev.
         Starting udev Kernel Device Manager...
[[0;32m  OK  [0m] Started Monitoring of LVM2 mirrors,…sing dmeventd or progress polling.
[[0;32m  OK  [0m] Started Apply Kernel Variables.
[[0;32m  OK  [0m] Started Flush Journal to Persistent Storage.
[[0;32m  OK  [0m] Started udev Kernel Device Manager.
[[0;32m  OK  [0m] Started Set the console keyboard layout.
[[0;32m  OK  [0m] Reached target Local File Systems (Pre).
[[0;32m  OK  [0m] Reached target Local File Systems.
         Starting Create Volatile Files and Directories...
         Starting Tell Plymouth To Write Out Runtime Data...
         Starting ebtables ruleset management...
         Starting Set console font and keymap...
         Starting AppArmor initialization...
         Starting Commit a transient machine-id on disk...
[[0;32m  OK  [0m] Started Dispatch Password Requests to Console Directory Watch.
[[0;32m  OK  [0m] Reached target Local Encrypted Volumes.
[[0;32m  OK  [0m] Started Create Volatile Files and Directories.
[[0;32m  OK  [0m] Started Tell Plymouth To Write Out Runtime Data.
[[0;32m  OK  [0m] Started Set console font and keymap.
         Starting Update UTMP about System Boot/Shutdown...
[[0;32m  OK  [0m] Started Update UTMP about System Boot/Shutdown.
[[0;32m  OK  [0m] Started Commit a transient machine-id on disk.
[[0;32m  OK  [0m] Started ebtables ruleset management.
[[0;32m  OK  [0m] Found device /dev/ttyS0.
[[0;32m  OK  [0m] Listening on Load/Save RF Kill Switch Status /dev/rfkill Watch.
[[0;32m  OK  [0m] Started AppArmor initialization.
         Starting Initial cloud-init job (pre-networking)...
         Starting Load AppArmor profiles managed internally by snapd...
[[0;32m  OK  [0m] Started Load AppArmor profiles managed internally by snapd.
[    8.607453] cloud-init[559]: Cloud-init v. 20.3-2-g371b392c-0ubuntu1~18.04.1 running 'init-local' at Tue, 24 Nov 2020 12:31:33 +0000. Up 8.27 seconds.
[[0;32m  OK  [0m] Started Initial cloud-init job (pre-networking).
[[0;32m  OK  [0m] Reached target Network (Pre).
         Starting Network Service...
[[0;32m  OK  [0m] Started Network Service.
         Starting Network Name Resolution...
         Starting Wait for Network to be Configured...
[[0;32m  OK  [0m] Started Network Name Resolution.
[[0;32m  OK  [0m] Reached target Host and Network Name Lookups.
[[0;32m  OK  [0m] Reached target Network.
[[0;32m  OK  [0m] Started Wait for Network to be Configured.
         Starting Initial cloud-init job (metadata service crawler)...
[   10.647973] cloud-init[716]: Cloud-init v. 20.3-2-g371b392c-0ubuntu1~18.04.1 running 'init' at Tue, 24 Nov 2020 12:31:36 +0000. Up 10.52 seconds.
[   10.650488] cloud-init[716]: ci-info: ++++++++++++++++++++++++++++++++++++++Net device info+++++++++++++++++++++++++++++++++++++++
[   10.651836] cloud-init[716]: ci-info: +--------+-------+----------------------------+---------------+--------+-------------------+
[   10.664126] cloud-init[716]: ci-info: | Device |   Up  |          Address           |      Mask     | Scope  |     Hw-Address    |
[   10.666370] cloud-init[716]: ci-info: +--------+-------+----------------------------+---------------+--------+-------------------+
[   10.668710] cloud-init[716]: ci-info: | enp0s3 |  True |         10.0.2.15          | 255.255.255.0 | global | 02:45:4d:8a:ec:99 |
[   10.670942] cloud-init[716]: ci-info: | enp0s3 |  True | fe80::45:4dff:fe8a:ec99/64 |       .       |  link  | 02:45:4d:8a:ec:99 |
[   10.672857] cloud-init[716]: ci-info: | enp0s8 | False |             .              |       .       |   .    | 08:00:27:f3:b8:f3 |
[   10.674545] cloud-init[716]: ci-info: |   lo   |  True |         127.0.0.1          |   255.0.0.0   |  host  |         .         |
[   10.676554] cloud-init[716]: ci-info: |   lo   |  True |          ::1/128           |       .       |  host  |         .         |
[   10.678506] cloud-init[716]: ci-info: +--------+-------+----------------------------+---------------+--------+-------------------+
[   10.680384] cloud-init[716]: ci-info: ++++++++++++++++++++++++++++Route IPv4 info+++++++++++++++++++++++++++++
[   10.682151] cloud-init[716]: ci-info: +-------+-------------+----------+-----------------+-----------+-------+
[   10.683941] cloud-init[716]: ci-info: | Route | Destination | Gateway  |     Genmask     | Interface | Flags |
[   10.685642] cloud-init[716]: ci-info: +-------+-------------+----------+-----------------+-----------+-------+
[   10.687303] cloud-init[716]: ci-info: |   0   |   0.0.0.0   | 10.0.2.2 |     0.0.0.0     |   enp0s3  |   UG  |
[   10.689003] cloud-init[716]: ci-info: |   1   |   10.0.2.0  | 0.0.0.0  |  255.255.255.0  |   enp0s3  |   U   |
[   10.690646] cloud-init[716]: ci-info: |   2   |   10.0.2.2  | 0.0.0.0  | 255.255.255.255 |   enp0s3  |   UH  |
[   10.692006] cloud-init[716]: ci-info: +-------+-------------+----------+-----------------+-----------+-------+
[   10.693377] cloud-init[716]: ci-info: +++++++++++++++++++Route IPv6 info+++++++++++++++++++
[   10.694742] cloud-init[716]: ci-info: +-------+-------------+---------+-----------+-------+
[   10.696184] cloud-init[716]: ci-info: | Route | Destination | Gateway | Interface | Flags |
[   10.697673] cloud-init[716]: ci-info: +-------+-------------+---------+-----------+-------+
[   10.699049] cloud-init[716]: ci-info: |   1   |  fe80::/64  |    ::   |   enp0s3  |   U   |
[   10.700710] cloud-init[716]: ci-info: |   3   |    local    |    ::   |   enp0s3  |   U   |
[   10.702687] cloud-init[716]: ci-info: |   4   |   ff00::/8  |    ::   |   enp0s3  |   U   |
[   10.704463] cloud-init[716]: ci-info: +-------+-------------+---------+-----------+-------+
[   11.603571] cloud-init[716]: Generating public/private rsa key pair.
[   11.605076] cloud-init[716]: Your identification has been saved in /etc/ssh/ssh_host_rsa_key.
[   11.616742] cloud-init[716]: Your public key has been saved in /etc/ssh/ssh_host_rsa_key.pub.
[   11.628308] cloud-init[716]: The key fingerprint is:
[   11.629701] cloud-init[716]: SHA256:Ouf9k712n4nObuuiLACHNdoPsxVk0Q14cLoEQ7gKEpo root@ubuntu-bionic
[   11.631339] cloud-init[716]: The key's randomart image is:
[   11.632389] cloud-init[716]: +---[RSA 2048]----+
[   11.644378] cloud-init[716]: |    o+.==oo      |
[   11.645240] cloud-init[716]: |.  . o+ooo .     |
[   11.656911] cloud-init[716]: |.o  * .oo        |
[   11.657756] cloud-init[716]: |E  = =...        |
[   11.658511] cloud-init[716]: |o . o *.S        |
[   11.659601] cloud-init[716]: | .   o o         |
[   11.660874] cloud-init[716]: |      + .    o   |
[   11.661395] cloud-init[716]: |       =.. .+.+ +|
[   11.661919] cloud-init[716]: |        ooo.BXo=o|
[   11.672256] cloud-init[716]: +----[SHA256]-----+
[[0;32m  OK  [0m] Started Initial cloud-init job (metadata service crawler).
[   11.677752] cloud-init[716]: Generating public/private dsa key pair.
[[0;32m  OK  [0m] Reached target Cloud-config availability.
[[0;32m  OK  [0m] Reached target Network is Online.
[   11.679447] cloud-init[716]: Your identification has been saved in /etc/ssh/ssh_host_dsa_key.
[[0;32m  OK  [0m] Reached target Remote File Systems (Pre).
[   11.682958] [[0;32m  OK  [0m] Reached target Remote File Systems.
cloud-init[716]: Your public key has been saved in /etc/ssh/ssh_host_dsa_key.pub.         Starting Availability of block devices...
[[0;32m  OK  [0m] Reached target System Initialization.
[[0;32m  OK  [0m] Listening on Open-iSCSI iscsid Socket.

[   11.697338] cloud-init[[0;32m  OK  [0m] Listening on D-Bus System Message Bus Socket.
[[0;32m  OK  [0m] Started Daily Cleanup of Temporary Directories.
[716]: The key fingerprint is:
[   11.701721] [[0;32m  OK  [0m] Started ACPI Events Check.
[[0;32m  OK  [0m] Reached target Paths.
[[0;32m  OK  [0m] Started Discard unused blocks once a week.
cloud-init         Starting LXD - unix socket.
         Starting Socket activation for snappy daemon.
[[0;32m  OK  [0m] Listening on ACPID Listen Socket.
[[0;32m  OK  [0m] Listening on UUID daemon activation socket.
[[0;32m  OK  [0m] Started Daily apt download activities.
[[0;32m  OK  [0m] Started Daily apt upgrade and clean activities.
[[0;32m  OK  [0m] Started Message of the Day.
[[0;32m  OK  [0m] Reached target Timers.
[716]: SHA256:CR7ebp7TtzQNBzb5dnri2HMbnnV3Nci1bxwd1ufDvAI root@ubuntu-bionic
[[0;32m  OK  [0m] Started Availability of block devices.
[   11.720478] [[0;32m  OK  [0m] Listening on LXD - unix socket.
[[0;32m  OK  [0m] Listening on Socket activation for snappy daemon.
[[0;32m  OK  [0m] Reached target Sockets.
cloud-init[716]: The key's randomart image is:
[[0;32m  OK  [0m] Reached target Basic System.
[[0;32m  OK  [0m] Started Deferred execution scheduler.
[   11.738059] cloud-init[716]: +---[DSA 1024]----+
         [   11.772375] Starting Login Service...cloud-init
[716]: |                 |
         [   11.784923] cloud-init[716]: |             .  .|
[   11.785299] cloud-init[716]: |      o     =  +o|
Starting System Logging Service...
[   11.786894] cloud-init[716]: |     o + . ..+*.=|
[   11.796318] cloud-init[716]: |      o S  E.o+B=|
         Starting Accounts Service...
[   11.796767] cloud-init[716]: |       .    .= +B|
[   11.799838] cloud-init[716]: |        o.  o.+oX|
[   11.801605] cloud-init[716]: |       o.....=++O|
[   11.803499] cloud-init[716]: |        o. .o.o*.|
[   11.804974] cloud-init[716]: +----[SHA256]-----+
[   11.806126] cloud-init[716]: Generating public/private ecdsa key pair.
         Starting Pollinate to seed the pseudo random number generator...
[   11.826287] cloud-init[716]: Your identification has been saved in /etc/ssh/ssh_host_ecdsa_key.         Starting LSB: Record successful boot for GRUB...

[   11.844805] cloud-init[716]: Your public key has been saved in /etc/ssh/ssh_host_ecdsa_key.pub.
[   11.847025] cloud-init[[0;32m  OK  [0m] Started Regular background program processing daemon.
[[0;32m  OK  [0m] Started FUSE filesystem for LXC.
[716]: The key fingerprint is:
[   11.852198] cloud-init[716]: SHA256:1qAnQDhJJs17aalWSvN+r5sh9frUnmm6Tn74Lxybf0Y root@ubuntu-bionic
[   11.854736] cloud-init[716]: The key's randomart image is:
[   11.856472] cloud-init[716]: +---[ECDSA 256]---+
[   11.859373] cloud-init[716]: |.+oo.            |
         Starting Dispatcher daemon for systemd-networkd...
[[0;32m  OK  [0m] Started D-Bus System Message Bus.
[   11.864954] cloud-init[716]: | o*.             |
[   11.870614] cloud-init[716]: |   o.o  .        |
[   11.880377] cloud-init[716]: |  + *. . o       |
[   11.881199] cloud-init[716]: | . O  + S .      |
[   11.882131] cloud-init[716]: |  + .. = ..   E  |
[   11.892266] cloud-init[716]: | . .. . +o.+ .   |
[   11.904556] cloud-init[716]: |    ...B..Bo  o  |
[   11.906517] cloud-init[716]: |     .=*B*=+oo   |
[   11.920535] cloud-init[716]: +----[SHA256]-----+
[   11.921948] cloud-init[716]: Generating public/private ed25519 key pair.
[   11.924737] cloud-init[716]: Your identification has been saved in /etc/ssh/ssh_host_ed25519_key.
[[0;32m  OK  [0m] Started Login Service.
[   11.941488] cloud-init[716]: Your public key has been saved in /etc/ssh/ssh_host_ed25519_key.pub.
         Starting Permit User Sessions...
         Starting LSB: automatic crash report generation...
[   11.953161] cloud-init[716]: The key fingerprint is:
[   11.956297] cloud-init[716]: SHA256:Mb2KhuekW4rjMt6mBgY7zWRZYRBEbsNeJHUGCAQsVfw root@ubuntu-bionic
[   11.960914] cloud-init[716]: The key's randomart image is:
[   11.963035] cloud-init         Starting Snap Daemon...
[716]: +--[ED25519 256]--+
[   11.966391] cloud-init[716]: |**BBBoo          |
[   11.968615] cloud-init[716]: |.+.+oo   .       |
[   11.970116] cloud-init[716]: |. =o..  o .      |
[   11.971455] cloud-init[716]: |.o+o  E  o .     |
[   11.972760] cloud-init[716]: |.*.     S .      |
[   11.974361] cloud-init[716]: |+.o  . . .       |
[   11.988286] cloud-init[716]: |o.  . * .        |
[   11.990449] cloud-init[716]: |o.oo O           |
[   11.996638] cloud-init[716]: |o*=o+..          |
[   11.997986] cloud-init[716]: +----[SHA256]-----+
[[0;32m  OK  [0m] Started irqbalance daemon.
         Starting Virtualbox guest utils...
[[0;32m  OK  [0m] Started Unattended Upgrades Shutdown.
         Starting LXD - container startup/shutdown...
[[0;32m  OK  [0m] Started System Logging Service.
[[0;32m  OK  [0m] Started Permit User Sessions.
         Starting Authorization Manager...
         Starting Terminate Plymouth Boot Screen...
         Starting Hold until boot process finishes up...
[[0;32m  OK  [0m] Started Hold until boot process finishes up.
         Starting Set console scheme...
[[0;32m  OK  [0m] Started Serial Getty on ttyS0.
[[0;32m  OK  [0m] Started Terminate Plymouth Boot Screen.
[[0;32m  OK  [0m] Started Authorization Manager.
[[0;32m  OK  [0m] Started Accounts Service.
[[0;32m  OK  [0m] Started Set console scheme.
[[0;32m  OK  [0m] Created slice system-getty.slice.
[[0;32m  OK  [0m] Started Getty on tty1.
[[0;32m  OK  [0m] Reached target Login Prompts.
[[0;32m  OK  [0m] Started LSB: automatic crash report generation.
[[0;32m  OK  [0m] Started LSB: Record successful boot for GRUB.
[[0;32m  OK  [0m] Started LXD - container startup/shutdown.
[[0;32m  OK  [0m] Started Dispatcher daemon for systemd-networkd.
[[0;32m  OK  [0m] Started Virtualbox guest utils.
[[0;32m  OK  [0m] Started Snap Daemon.
         Starting Wait until snapd is fully seeded...
[[0;32m  OK  [0m] Started Pollinate to seed the pseudo random number generator.
         Starting OpenBSD Secure Shell server...
[[0;32m  OK  [0m] Started OpenBSD Secure Shell server.
[[0;32m  OK  [0m] Created slice User Slice of vagrant.
         Starting User Manager for UID 1000...
[[0;32m  OK  [0m] Started Session 1 of user vagrant.
[[0;32m  OK  [0m] Started User Manager for UID 1000.
[[0;32m  OK  [0m] Started Wait until snapd is fully seeded.
         Starting Apply the settings specified in cloud-config...
[[0;32m  OK  [0m] Reached target Multi-User System.
[[0;32m  OK  [0m] Reached target Graphical Interface.
         Starting Update UTMP about System Runlevel Changes...
[[0;32m  OK  [0m] Started Update UTMP about System Runlevel Changes.
[   15.295543] cloud-init[1284]: Cloud-init v. 20.3-2-g371b392c-0ubuntu1~18.04.1 running 'modules:config' at Tue, 24 Nov 2020 12:31:40 +0000. Up 14.47 seconds.
[[0;32m  OK  [0m] Started Apply the settings specified in cloud-config.
         Starting Execute cloud user/final scripts...
ci-info: no authorized SSH keys fingerprints found for user ubuntu.
<14>Nov 24 12:31:41 ec2: 
<14>Nov 24 12:31:41 ec2: #############################################################
<14>Nov 24 12:31:41 ec2: -----BEGIN SSH HOST KEY FINGERPRINTS-----
<14>Nov 24 12:31:41 ec2: 1024 SHA256:CR7ebp7TtzQNBzb5dnri2HMbnnV3Nci1bxwd1ufDvAI root@ubuntu-bionic (DSA)
<14>Nov 24 12:31:41 ec2: 256 SHA256:1qAnQDhJJs17aalWSvN+r5sh9frUnmm6Tn74Lxybf0Y root@ubuntu-bionic (ECDSA)
<14>Nov 24 12:31:41 ec2: 256 SHA256:Mb2KhuekW4rjMt6mBgY7zWRZYRBEbsNeJHUGCAQsVfw root@ubuntu-bionic (ED25519)
<14>Nov 24 12:31:41 ec2: 2048 SHA256:Ouf9k712n4nObuuiLACHNdoPsxVk0Q14cLoEQ7gKEpo root@ubuntu-bionic (RSA)
<14>Nov 24 12:31:41 ec2: -----END SSH HOST KEY FINGERPRINTS-----
<14>Nov 24 12:31:41 ec2: #############################################################
-----BEGIN SSH HOST KEY KEYS-----
ecdsa-sha2-nistp256 AAAAE2VjZHNhLXNoYTItbmlzdHAyNTYAAAAIbmlzdHAyNTYAAABBBKh4M71zXgcNxoq0sGc9niyYTLvypA6EGIzofsqcpzsP62CahbdiPvC0qOo27F+eoy3EXbOBuNYNBVrf2lzqyMQ= root@ubuntu-bionic
ssh-ed25519 AAAAC3NzaC1lZDI1NTE5AAAAIDgn9FahKIQZiUWWl+a70cYLqRsSdXPv1mxdVuRDHRkD root@ubuntu-bionic
ssh-rsa AAAAB3NzaC1yc2EAAAADAQABAAABAQDcfoF0xeffnoi2UGBcTT4SHtJcVDvllwuQB47HNa9g96YkwFvAsto785KDUq0hIDD2iI9zX5VyK2q9jtL6j/+Z0uEKRAk4JAGWNBvWZZTzZHK6RUqrCuqdN5+YSDVPP6eP4eTkS67ukGp3Z36cT4igpypw62AaSMxoRslDGu3s72+ffzX8IZ1dbeCZ0Lcg2Tl1RHizJEHrs523V3+PwwyxQNPXMOFrH3VKst3n4wZPae7i7RER27Wbc31yYalO+E50HyqkcmP9t0oHpX1xqpJzUHRJ0qQRYEw0mQERCo5W3bC0g5Ww4RzLK/FHd2NnrYneINwFPFFgxFYLmg/7JsT1 root@ubuntu-bionic
-----END SSH HOST KEY KEYS-----
[   16.282192] cloud-init[1410]: Cloud-init v. 20.3-2-g371b392c-0ubuntu1~18.04.1 running 'modules:final' at Tue, 24 Nov 2020 12:31:41 +0000. Up 16.05 seconds.
[   16.288857] cloud-init[1410]: ci-info: no authorized SSH keys fingerprints found for user ubuntu.
[   16.300318] cloud-init[1410]: Cloud-init v. 20.3-2-g371b392c-0ubuntu1~18.04.1 finished at Tue, 24 Nov 2020 12:31:41 +0000. Datasource DataSourceNoCloud [seed=/dev/sdb][dsmode=net].  Up 16.27 seconds
[[0;32m  OK  [0m] Started Execute cloud user/final scripts.
[[0;32m  OK  [0m] Reached target Cloud-init target.

Ubuntu 18.04.5 LTS ubuntu-bionic ttyS0

ubuntu-bionic login: 